android/app/build/intermediates/manifest_merge_blame_file/debug/processDebugMainManifest/manifest-merger-blame-debug-report.txt
1<?xml version="1.0" encoding="utf-8"?>
2<manifest xmlns:android="http://schemas.android.com/apk/res/android"
3    package="com.sih2026.touristsafety"
4    android:versionCode="1"
5    android:versionName="1.0" >
6
7    <uses-sdk
8        android:minSdkVersion="26"
9        android:targetSdkVersion="34" />
10
11    <uses-permission android:name="android.permission.INTERNET" />
11-->src/main/AndroidManifest.xml:5:5-67
11-->src/main/AndroidManifest.xml:5:22-64
12    <uses-permission android:name="android.permission.ACCESS_NETWORK_STATE" />
12-->src/main/AndroidManifest.xml:6:5-79
12-->src/main/AndroidManifest.xml:6:22-76
13    <uses-permission android:name="android.permission.ACCESS_FINE_LOCATION" />
13-->src/main/AndroidManifest.xml:7:5-79
13-->src/main/AndroidManifest.xml:7:22-76
14    <uses-permission android:name="android.permission.ACCESS_COARSE_LOCATION" />
14-->src/main/AndroidManifest.xml:8:5-81
14-->src/main/AndroidManifest.xml:8:22-78
15    <uses-permission android:name="android.permission.ACCESS_BACKGROUND_LOCATION" />
15-->src/main/AndroidManifest.xml:9:5-85
15-->src/main/AndroidManifest.xml:9:22-82
16    <uses-permission android:name="android.permission.CAMERA" />
16-->src/main/AndroidManifest.xml:10:5-65
16-->src/main/AndroidManifest.xml:10:22-62
17    <uses-permission android:name="android.permission.RECORD_AUDIO" />
17-->src/main/AndroidManifest.xml:11:5-71
17-->src/main/AndroidManifest.xml:11:22-68
18    <uses-permission android:name="android.permission.SEND_SMS" />
18-->src/main/AndroidManifest.xml:12:5-67
18-->src/main/AndroidManifest.xml:12:22-64
19    <uses-permission android:name="android.permission.FOREGROUND_SERVICE" />
19-->src/main/AndroidManifest.xml:13:5-77
19-->src/main/AndroidManifest.xml:13:22-74
20    <uses-permission android:name="android.permission.FOREGROUND_SERVICE_LOCATION" />
20-->src/main/AndroidManifest.xml:14:5-86
20-->src/main/AndroidManifest.xml:14:22-83
21    <uses-permission android:name="android.permission.FOREGROUND_SERVICE_MICROPHONE" />
21-->src/main/AndroidManifest.xml:15:5-88
21-->src/main/AndroidManifest.xml:15:22-85
22    <uses-permission android:name="android.permission.RECEIVE_BOOT_COMPLETED" />
22-->src/main/AndroidManifest.xml:16:5-81
22-->src/main/AndroidManifest.xml:16:22-78
23    <uses-permission android:name="android.permission.POST_NOTIFICATIONS" />
23-->src/main/AndroidManifest.xml:17:5-77
23-->src/main/AndroidManifest.xml:17:22-74
24    <uses-permission android:name="android.permission.USE_BIOMETRIC" />
24-->src/main/AndroidManifest.xml:18:5-72
24-->src/main/AndroidManifest.xml:18:22-69
25    <uses-permission android:name="android.permission.VIBRATE" />
25-->src/main/AndroidManifest.xml:19:5-66
25-->src/main/AndroidManifest.xml:19:22-63
26
27    <uses-feature
27-->[com.google.android.gms:play-services-maps:19.0.0] AndroidManifest.xml:26:5-28:35
28        android:glEsVersion="0x00020000"
28-->[com.google.android.gms:play-services-maps:19.0.0] AndroidManifest.xml:27:9-41
29        android:required="true" />
29-->[com.google.android.gms:play-services-maps:19.0.0] AndroidManifest.xml:28:9-32
30
31    <queries>
31-->[com.google.android.gms:play-services-maps:19.0.0] AndroidManifest.xml:30:5-34:15
32
33        <!-- Needs to be explicitly declared on Android R+ -->
34        <package android:name="com.google.android.apps.maps" />
34-->[com.google.android.gms:play-services-maps:19.0.0] AndroidManifest.xml:33:9-64
34-->[com.google.android.gms:play-services-maps:19.0.0] AndroidManifest.xml:33:18-61
35    </queries>
36
37    <permission
37-->[androidx.core:core:1.13.1] AndroidManifest.xml:22:5-24:47
38        android:name="com.sih2026.touristsafety.DYNAMIC_RECEIVER_NOT_EXPORTED_PERMISSION"
38-->[androidx.core:core:1.13.1] AndroidManifest.xml:23:9-81
39        android:protectionLevel="signature" />
39-->[androidx.core:core:1.13.1] AndroidManifest.xml:24:9-44
40
41    <uses-permission android:name="com.sih2026.touristsafety.DYNAMIC_RECEIVER_NOT_EXPORTED_PERMISSION" />
41-->[androidx.core:core:1.13.1] AndroidManifest.xml:26:5-97
41-->[androidx.core:core:1.13.1] AndroidManifest.xml:26:22-94
42
43    <application
43-->src/main/AndroidManifest.xml:21:5-84:19
44        android:name="com.sih2026.touristsafety.TouristSafetyApp"
44-->src/main/AndroidManifest.xml:22:9-41
45        android:allowBackup="true"
45-->src/main/AndroidManifest.xml:23:9-35
46        android:appComponentFactory="androidx.core.app.CoreComponentFactory"
46-->[androidx.core:core:1.13.1] AndroidManifest.xml:28:18-86
47        android:debuggable="true"
48        android:extractNativeLibs="false"
49        android:icon="@mipmap/ic_launcher"
49-->src/main/AndroidManifest.xml:24:9-43
50        android:label="@string/app_name"
50-->src/main/AndroidManifest.xml:25:9-41
51        android:roundIcon="@mipmap/ic_launcher_round"
51-->src/main/AndroidManifest.xml:26:9-54
52        android:supportsRtl="true"
52-->src/main/AndroidManifest.xml:27:9-35
53        android:testOnly="true"
54        android:theme="@style/Theme.TouristSafety" >
54-->src/main/AndroidManifest.xml:28:9-51
55        <meta-data
56            android:name="com.google.android.geo.API_KEY"
56-->src/main/AndroidManifest.xml:32:13-58
57            android:value="" />
57-->src/main/AndroidManifest.xml:33:13-44
58
59        <activity
59-->src/main/AndroidManifest.xml:35:9-44:20
60            android:name="com.sih2026.touristsafety.MainActivity"
60-->src/main/AndroidManifest.xml:36:13-41
61            android:exported="true"
61-->src/main/AndroidManifest.xml:37:13-36
62            android:launchMode="singleTask"
62-->src/main/AndroidManifest.xml:38:13-44
63            android:theme="@style/Theme.TouristSafety" >
63-->src/main/AndroidManifest.xml:39:13-55
64            <intent-filter>
64-->src/main/AndroidManifest.xml:40:13-43:29
65                <action android:name="android.intent.action.MAIN" />
65-->src/main/AndroidManifest.xml:41:17-69
65-->src/main/AndroidManifest.xml:41:25-66
66
67                <category android:name="android.intent.category.LAUNCHER" />
67-->src/main/AndroidManifest.xml:42:17-77
67-->src/main/AndroidManifest.xml:42:27-74
68            </intent-filter>
69        </activity>
70        <activity
70-->src/main/AndroidManifest.xml:46:9-50:43
71            android:name="com.sih2026.touristsafety.presentation.screens.checkin.CheckInPromptActivity"
71-->src/main/AndroidManifest.xml:47:13-79
72            android:exported="false"
72-->src/main/AndroidManifest.xml:48:13-37
73            android:showOnLockScreen="true"
73-->src/main/AndroidManifest.xml:49:13-44
74            android:turnScreenOn="true" />
74-->src/main/AndroidManifest.xml:50:13-40
75
76        <service
76-->src/main/AndroidManifest.xml:52:9-55:40
77            android:name="com.sih2026.touristsafety.services.GeofencingService"
77-->src/main/AndroidManifest.xml:53:13-55
78            android:exported="false"
78-->src/main/AndroidManifest.xml:55:13-37
79            android:foregroundServiceType="location" />
79-->src/main/AndroidManifest.xml:54:13-53
80        <service
80-->src/main/AndroidManifest.xml:57:9-60:40
81            android:name="com.sih2026.touristsafety.services.ScreamDetectionService"
81-->src/main/AndroidManifest.xml:58:13-60
82            android:exported="false"
82-->src/main/AndroidManifest.xml:60:13-37
83            android:foregroundServiceType="microphone" />
83-->src/main/AndroidManifest.xml:59:13-55
84        <service
84-->src/main/AndroidManifest.xml:62:9-65:40
85            android:name="com.sih2026.touristsafety.services.InactivityMonitorService"
85-->src/main/AndroidManifest.xml:63:13-62
86            android:exported="false"
86-->src/main/AndroidManifest.xml:65:13-37
87            android:foregroundServiceType="location" />
87-->src/main/AndroidManifest.xml:64:13-53
88        <service
88-->src/main/AndroidManifest.xml:67:9-70:40
89            android:name="com.sih2026.touristsafety.services.LocationTrackingService"
89-->src/main/AndroidManifest.xml:68:13-61
90            android:exported="false"
90-->src/main/AndroidManifest.xml:70:13-37
91            android:foregroundServiceType="location" />
91-->src/main/AndroidManifest.xml:69:13-53
92
93        <receiver
93-->src/main/AndroidManifest.xml:72:9-74:40
94            android:name="com.sih2026.touristsafety.receivers.GeofenceBroadcastReceiver"
94-->src/main/AndroidManifest.xml:73:13-64
95            android:exported="false" />
95-->src/main/AndroidManifest.xml:74:13-37
96        <receiver
96-->src/main/AndroidManifest.xml:76:9-82:20
97            android:name="com.sih2026.touristsafety.receivers.BootReceiver"
97-->src/main/AndroidManifest.xml:77:13-51
98            android:exported="true" >
98-->src/main/AndroidManifest.xml:78:13-36
99            <intent-filter>
99-->src/main/AndroidManifest.xml:79:13-81:29
100                <action android:name="android.intent.action.BOOT_COMPLETED" />
100-->src/main/AndroidManifest.xml:80:17-79
100-->src/main/AndroidManifest.xml:80:25-76
101            </intent-filter>
102        </receiver>
103
104        <service
104-->[androidx.camera:camera-camera2:1.3.4] AndroidManifest.xml:24:9-33:19
105            android:name="androidx.camera.core.impl.MetadataHolderService"
105-->[androidx.camera:camera-camera2:1.3.4] AndroidManifest.xml:25:13-75
106            android:enabled="false"
106-->[androidx.camera:camera-camera2:1.3.4] AndroidManifest.xml:26:13-36
107            android:exported="false" >
107-->[androidx.camera:camera-camera2:1.3.4] AndroidManifest.xml:27:13-37
108            <meta-data
108-->[androidx.camera:camera-camera2:1.3.4] AndroidManifest.xml:30:13-32:89
109                android:name="androidx.camera.core.impl.MetadataHolderService.DEFAULT_CONFIG_PROVIDER"
109-->[androidx.camera:camera-camera2:1.3.4] AndroidManifest.xml:31:17-103
110                android:value="androidx.camera.camera2.Camera2Config$DefaultProvider" />
110-->[androidx.camera:camera-camera2:1.3.4] AndroidManifest.xml:32:17-86
111        </service>
112        <service
112-->[com.google.mlkit:translate:17.0.2] AndroidManifest.xml:11:9-17:19
113            android:name="com.google.mlkit.common.internal.MlKitComponentDiscoveryService"
113-->[com.google.mlkit:translate:17.0.2] AndroidManifest.xml:12:13-91
114            android:directBootAware="true"
114-->[com.google.mlkit:common:18.10.0] AndroidManifest.xml:17:13-43
115            android:exported="false" >
115-->[com.google.mlkit:translate:17.0.2] AndroidManifest.xml:13:13-37
116            <meta-data
116-->[com.google.mlkit:translate:17.0.2] AndroidManifest.xml:14:13-16:85
117                android:name="com.google.firebase.components:com.google.mlkit.nl.translate.NaturalLanguageTranslateRegistrar"
117-->[com.google.mlkit:translate:17.0.2] AndroidManifest.xml:15:17-126
118                android:value="com.google.firebase.components.ComponentRegistrar" />
118-->[com.google.mlkit:translate:17.0.2] AndroidManifest.xml:16:17-82
119            <meta-data
119-->[com.google.android.gms:play-services-mlkit-text-recognition-common:19.0.0] AndroidManifest.xml:12:13-14:85
120                android:name="com.google.firebase.components:com.google.mlkit.vision.text.internal.TextRegistrar"
120-->[com.google.android.gms:play-services-mlkit-text-recognition-common:19.0.0] AndroidManifest.xml:13:17-114
121                android:value="com.google.firebase.components.ComponentRegistrar" />
121-->[com.google.android.gms:play-services-mlkit-text-recognition-common:19.0.0] AndroidManifest.xml:14:17-82
122            <meta-data
122-->[com.google.mlkit:vision-common:17.3.0] AndroidManifest.xml:12:13-14:85
123                android:name="com.google.firebase.components:com.google.mlkit.vision.common.internal.VisionCommonRegistrar"
123-->[com.google.mlkit:vision-common:17.3.0] AndroidManifest.xml:13:17-124
124                android:value="com.google.firebase.components.ComponentRegistrar" />
124-->[com.google.mlkit:vision-common:17.3.0] AndroidManifest.xml:14:17-82
125            <meta-data
125-->[com.google.mlkit:common:18.10.0] AndroidManifest.xml:20:13-22:85
126                android:name="com.google.firebase.components:com.google.mlkit.common.internal.CommonComponentRegistrar"
126-->[com.google.mlkit:common:18.10.0] AndroidManifest.xml:21:17-120
127                android:value="com.google.firebase.components.ComponentRegistrar" />
127-->[com.google.mlkit:common:18.10.0] AndroidManifest.xml:22:17-82
128        </service> <!-- Needs to be explicitly declared on P+ -->
129        <uses-library
129-->[com.google.android.gms:play-services-maps:19.0.0] AndroidManifest.xml:39:9-41:40
130            android:name="org.apache.http.legacy"
130-->[com.google.android.gms:play-services-maps:19.0.0] AndroidManifest.xml:40:13-50
131            android:required="false" />
131-->[com.google.android.gms:play-services-maps:19.0.0] AndroidManifest.xml:41:13-37
132
133        <provider
133-->[com.google.mlkit:common:18.10.0] AndroidManifest.xml:9:9-13:38
134            android:name="com.google.mlkit.common.internal.MlKitInitProvider"
134-->[com.google.mlkit:common:18.10.0] AndroidManifest.xml:10:13-78
135            android:authorities="com.sih2026.touristsafety.mlkitinitprovider"
135-->[com.google.mlkit:common:18.10.0] AndroidManifest.xml:11:13-69
136            android:exported="false"
136-->[com.google.mlkit:common:18.10.0] AndroidManifest.xml:12:13-37
137            android:initOrder="99" />
137-->[com.google.mlkit:common:18.10.0] AndroidManifest.xml:13:13-35
138
139        <activity
139-->[com.google.android.gms:play-services-base:18.5.0] AndroidManifest.xml:5:9-173
140            android:name="com.google.android.gms.common.api.GoogleApiActivity"
140-->[com.google.android.gms:play-services-base:18.5.0] AndroidManifest.xml:5:19-85
141            android:exported="false"
141-->[com.google.android.gms:play-services-base:18.5.0] AndroidManifest.xml:5:146-170
142            android:theme="@android:style/Theme.Translucent.NoTitleBar" />
142-->[com.google.android.gms:play-services-base:18.5.0] AndroidManifest.xml:5:86-145
143
144        <service
144-->[androidx.room:room-runtime:2.6.1] AndroidManifest.xml:24:9-28:63
145            android:name="androidx.room.MultiInstanceInvalidationService"
145-->[androidx.room:room-runtime:2.6.1] AndroidManifest.xml:25:13-74
146            android:directBootAware="true"
146-->[androidx.room:room-runtime:2.6.1] AndroidManifest.xml:26:13-43
147            android:exported="false" />
147-->[androidx.room:room-runtime:2.6.1] AndroidManifest.xml:27:13-37
148
149        <activity
149-->[androidx.compose.ui:ui-test-manifest:1.7.0] AndroidManifest.xml:23:9-25:39
150            android:name="androidx.activity.ComponentActivity"
150-->[androidx.compose.ui:ui-test-manifest:1.7.0] AndroidManifest.xml:24:13-63
151            android:exported="true" />
151-->[androidx.compose.ui:ui-test-manifest:1.7.0] AndroidManifest.xml:25:13-36
152        <activity
152-->[androidx.compose.ui:ui-tooling-android:1.7.0] AndroidManifest.xml:23:9-25:39
153            android:name="androidx.compose.ui.tooling.PreviewActivity"
153-->[androidx.compose.ui:ui-tooling-android:1.7.0] AndroidManifest.xml:24:13-71
154            android:exported="true" />
154-->[androidx.compose.ui:ui-tooling-android:1.7.0] AndroidManifest.xml:25:13-36
155
156        <provider
156-->[androidx.emoji2:emoji2:1.3.0] AndroidManifest.xml:24:9-32:20
157            android:name="androidx.startup.InitializationProvider"
157-->[androidx.emoji2:emoji2:1.3.0] AndroidManifest.xml:25:13-67
158            android:authorities="com.sih2026.touristsafety.androidx-startup"
158-->[androidx.emoji2:emoji2:1.3.0] AndroidManifest.xml:26:13-68
159            android:exported="false" >
159-->[androidx.emoji2:emoji2:1.3.0] AndroidManifest.xml:27:13-37
160            <meta-data
160-->[androidx.emoji2:emoji2:1.3.0] AndroidManifest.xml:29:13-31:52
161                android:name="androidx.emoji2.text.EmojiCompatInitializer"
161-->[androidx.emoji2:emoji2:1.3.0] AndroidManifest.xml:30:17-75
162                android:value="androidx.startup" />
162-->[androidx.emoji2:emoji2:1.3.0] AndroidManifest.xml:31:17-49
163            <meta-data
163-->[androidx.lifecycle:lifecycle-process:2.8.4] AndroidManifest.xml:29:13-31:52
164                android:name="androidx.lifecycle.ProcessLifecycleInitializer"
164-->[androidx.lifecycle:lifecycle-process:2.8.4] AndroidManifest.xml:30:17-78
165                android:value="androidx.startup" />
165-->[androidx.lifecycle:lifecycle-process:2.8.4] AndroidManifest.xml:31:17-49
166            <meta-data
166-->[androidx.profileinstaller:profileinstaller:1.3.1] AndroidManifest.xml:29:13-31:52
167                android:name="androidx.profileinstaller.ProfileInstallerInitializer"
167-->[androidx.profileinstaller:profileinstaller:1.3.1] AndroidManifest.xml:30:17-85
168                android:value="androidx.startup" />
168-->[androidx.profileinstaller:profileinstaller:1.3.1] AndroidManifest.xml:31:17-49
169        </provider>
170
171        <meta-data
171-->[com.google.android.gms:play-services-basement:18.4.0] AndroidManifest.xml:6:9-122
172            android:name="com.google.android.gms.version"
172-->[com.google.android.gms:play-services-basement:18.4.0] AndroidManifest.xml:6:20-65
173            android:value="@integer/google_play_services_version" />
173-->[com.google.android.gms:play-services-basement:18.4.0] AndroidManifest.xml:6:66-119
174
175        <service
175-->[com.google.android.datatransport:transport-backend-cct:2.3.3] AndroidManifest.xml:29:9-35:19
176            android:name="com.google.android.datatransport.runtime.backends.TransportBackendDiscovery"
176-->[com.google.android.datatransport:transport-backend-cct:2.3.3] AndroidManifest.xml:30:13-103
177            android:exported="false" >
177-->[com.google.android.datatransport:transport-backend-cct:2.3.3] AndroidManifest.xml:31:13-37
178            <meta-data
178-->[com.google.android.datatransport:transport-backend-cct:2.3.3] AndroidManifest.xml:32:13-34:39
179                android:name="backend:com.google.android.datatransport.cct.CctBackendFactory"
179-->[com.google.android.datatransport:transport-backend-cct:2.3.3] AndroidManifest.xml:33:17-94
180                android:value="cct" />
180-->[com.google.android.datatransport:transport-backend-cct:2.3.3] AndroidManifest.xml:34:17-36
181        </service>
182        <service
182-->[com.google.android.datatransport:transport-runtime:2.2.6] AndroidManifest.xml:26:9-30:19
183            android:name="com.google.android.datatransport.runtime.scheduling.jobscheduling.JobInfoSchedulerService"
183-->[com.google.android.datatransport:transport-runtime:2.2.6] AndroidManifest.xml:27:13-117
184            android:exported="false"
184-->[com.google.android.datatransport:transport-runtime:2.2.6] AndroidManifest.xml:28:13-37
185            android:permission="android.permission.BIND_JOB_SERVICE" >
185-->[com.google.android.datatransport:transport-runtime:2.2.6] AndroidManifest.xml:29:13-69
186        </service>
187
188        <receiver
188-->[com.google.android.datatransport:transport-runtime:2.2.6] AndroidManifest.xml:32:9-34:40
189            android:name="com.google.android.datatransport.runtime.scheduling.jobscheduling.AlarmManagerSchedulerBroadcastReceiver"
189-->[com.google.android.datatransport:transport-runtime:2.2.6] AndroidManifest.xml:33:13-132
190            android:exported="false" />
190-->[com.google.android.datatransport:transport-runtime:2.2.6] AndroidManifest.xml:34:13-37
191        <receiver
191-->[androidx.profileinstaller:profileinstaller:1.3.1] AndroidManifest.xml:34:9-52:20
192            android:name="androidx.profileinstaller.ProfileInstallReceiver"
192-->[androidx.profileinstaller:profileinstaller:1.3.1] AndroidManifest.xml:35:13-76
193            android:directBootAware="false"
193-->[androidx.profileinstaller:profileinstaller:1.3.1] AndroidManifest.xml:36:13-44
194            android:enabled="true"
194-->[androidx.profileinstaller:profileinstaller:1.3.1] AndroidManifest.xml:37:13-35
195            android:exported="true"
195-->[androidx.profileinstaller:profileinstaller:1.3.1] AndroidManifest.xml:38:13-36
196            android:permission="android.permission.DUMP" >
196-->[androidx.profileinstaller:profileinstaller:1.3.1] AndroidManifest.xml:39:13-57
197            <intent-filter>
197-->[androidx.profileinstaller:profileinstaller:1.3.1] AndroidManifest.xml:40:13-42:29
198                <action android:name="androidx.profileinstaller.action.INSTALL_PROFILE" />
198-->[androidx.profileinstaller:profileinstaller:1.3.1] AndroidManifest.xml:41:17-91
198-->[androidx.profileinstaller:profileinstaller:1.3.1] AndroidManifest.xml:41:25-88
199            </intent-filter>
200            <intent-filter>
200-->[androidx.profileinstaller:profileinstaller:1.3.1] AndroidManifest.xml:43:13-45:29
201                <action android:name="androidx.profileinstaller.action.SKIP_FILE" />
201-->[androidx.profileinstaller:profileinstaller:1.3.1] AndroidManifest.xml:44:17-85
201-->[androidx.profileinstaller:profileinstaller:1.3.1] AndroidManifest.xml:44:25-82
202            </intent-filter>
203            <intent-filter>
203-->[androidx.profileinstaller:profileinstaller:1.3.1] AndroidManifest.xml:46:13-48:29
204                <action android:name="androidx.profileinstaller.action.SAVE_PROFILE" />
204-->[androidx.profileinstaller:profileinstaller:1.3.1] AndroidManifest.xml:47:17-88
204-->[androidx.profileinstaller:profileinstaller:1.3.1] AndroidManifest.xml:47:25-85
205            </intent-filter>
206            <intent-filter>
206-->[androidx.profileinstaller:profileinstaller:1.3.1] AndroidManifest.xml:49:13-51:29
207                <action android:name="androidx.profileinstaller.action.BENCHMARK_OPERATION" />
207-->[androidx.profileinstaller:profileinstaller:1.3.1] AndroidManifest.xml:50:17-95
207-->[androidx.profileinstaller:profileinstaller:1.3.1] AndroidManifest.xml:50:25-92
208            </intent-filter>
209        </receiver>
210    </application>
211
212</manifest>